<?xml version="1.0" encoding="UTF-8"?>
<!-- Generated by org.testng.reporters.JUnitXMLReporter -->
<testsuite hostname="VigneshBaskaran" ignored="0" name="ChromeTest" tests="1" failures="1" timestamp="04 Aug 2018 07:55:48 GMT" time="26.404" errors="0">
  <testcase name="@AfterMethod takeScreenShotOnFailure" time="0.007" classname="BaseTest.TestBaseSetup">
    <failure type="java.lang.NullPointerException">
      <![CDATA[java.lang.NullPointerException
at BaseTest.TestBaseSetup.takeScreenShotOnFailure(TestBaseSetup.java:100)
... Removed 28 stack frames]]>
    </failure>
  </testcase> <!-- @AfterMethod takeScreenShotOnFailure -->
  <testcase name="@AfterClass tearDown" time="0.0" classname="BaseTest.TestBaseSetup">
    <skipped/>
  </testcase> <!-- @AfterClass tearDown -->
  <testcase name="SearchBooksTest" time="0.039" classname="Test.SearchBooksTest">
    <failure type="java.lang.NullPointerException">
      <![CDATA[java.lang.NullPointerException
at Pages.HomePage.SelectBook(HomePage.java:40)
at Test.SearchBooksTest.SearchBooksTest(SearchBooksTest.java:39)
... Removed 25 stack frames]]>
    </failure>
  </testcase> <!-- SearchBooksTest -->
</testsuite> <!-- ChromeTest -->
